2025-03-05 21:33:35 [main] INFO  c.r.RomanNumeralApplication - Starting RomanNumeralApplication using Java 17.0.6 with PID 33431 (/Users/prats/Documents/Projects/Java/RomanNumeralConvertor/build/classes/java/main started by prats in /Users/prats/Documents/Projects/Java/RomanNumeralConvertor)
2025-03-05 21:33:35 [main] INFO  c.r.RomanNumeralApplication - No active profile set, falling back to 1 default profile: "default"
2025-03-05 21:33:36 [main] INFO  o.s.b.w.e.tomcat.TomcatWebServer - Tomcat initialized with port 8080 (http)
2025-03-05 21:33:36 [main] INFO  o.a.coyote.http11.Http11NioProtocol - Initializing ProtocolHandler ["http-nio-8080"]
2025-03-05 21:33:36 [main] INFO  o.a.catalina.core.StandardService - Starting service [Tomcat]
2025-03-05 21:33:36 [main] INFO  o.a.catalina.core.StandardEngine - Starting Servlet engine: [Apache Tomcat/10.1.36]
2025-03-05 21:33:36 [main] INFO  o.a.c.c.C.[Tomcat].[localhost].[/] - Initializing Spring embedded WebApplicationContext
2025-03-05 21:33:36 [main] INFO  o.s.b.w.s.c.ServletWebServerApplicationContext - Root WebApplicationContext: initialization completed in 485 ms
2025-03-05 21:33:36 [main] INFO  o.s.b.a.e.web.EndpointLinksResolver - Exposing 3 endpoints beneath base path '/actuator'
2025-03-05 21:33:36 [main] INFO  o.a.coyote.http11.Http11NioProtocol - Starting ProtocolHandler ["http-nio-8080"]
2025-03-05 21:33:36 [main] INFO  o.s.b.w.e.tomcat.TomcatWebServer - Tomcat started on port 8080 (http) with context path '/'
2025-03-05 21:33:36 [main] INFO  c.r.RomanNumeralApplication - Started RomanNumeralApplication in 0.95 seconds (process running for 1.099)
2025-03-05 21:35:26 [Test worker] INFO  c.r.RomanNumeralApplicationTest - Starting RomanNumeralApplicationTest using Java 17.0.6 with PID 33447 (started by prats in /Users/prats/Documents/Projects/Java/RomanNumeralConvertor)
2025-03-05 21:35:26 [Test worker] INFO  c.r.RomanNumeralApplicationTest - No active profile set, falling back to 1 default profile: "default"
2025-03-05 21:35:26 [Test worker] INFO  o.s.b.a.e.web.EndpointLinksResolver - Exposing 2 endpoints beneath base path '/actuator'
2025-03-05 21:35:26 [Test worker] INFO  c.r.RomanNumeralApplicationTest - Started RomanNumeralApplicationTest in 0.664 seconds (process running for 1.095)
2025-03-05 21:35:27 [Test worker] INFO  o.s.mock.web.MockServletContext - Initializing Spring TestDispatcherServlet ''
2025-03-05 21:35:27 [Test worker] INFO  o.s.t.w.s.TestDispatcherServlet - Initializing Servlet ''
2025-03-05 21:35:27 [Test worker] INFO  o.s.t.w.s.TestDispatcherServlet - Completed initialization in 0 ms
2025-03-05 21:35:27 [Test worker] INFO  o.s.mock.web.MockServletContext - Initializing Spring TestDispatcherServlet ''
2025-03-05 21:35:27 [Test worker] INFO  o.s.t.w.s.TestDispatcherServlet - Initializing Servlet ''
2025-03-05 21:35:27 [Test worker] INFO  o.s.t.w.s.TestDispatcherServlet - Completed initialization in 0 ms
2025-03-05 21:35:35 [SpringApplicationShutdownHook] INFO  o.s.b.w.e.tomcat.GracefulShutdown - Commencing graceful shutdown. Waiting for active requests to complete
2025-03-05 21:35:35 [tomcat-shutdown] INFO  o.s.b.w.e.tomcat.GracefulShutdown - Graceful shutdown complete
2025-03-05 21:35:37 [main] INFO  c.r.RomanNumeralApplication - Starting RomanNumeralApplication using Java 17.0.6 with PID 33462 (/Users/prats/Documents/Projects/Java/RomanNumeralConvertor/build/classes/java/main started by prats in /Users/prats/Documents/Projects/Java/RomanNumeralConvertor)
2025-03-05 21:35:37 [main] INFO  c.r.RomanNumeralApplication - No active profile set, falling back to 1 default profile: "default"
2025-03-05 21:35:37 [main] INFO  o.s.b.w.e.tomcat.TomcatWebServer - Tomcat initialized with port 8080 (http)
2025-03-05 21:35:37 [main] INFO  o.a.coyote.http11.Http11NioProtocol - Initializing ProtocolHandler ["http-nio-8080"]
2025-03-05 21:35:37 [main] INFO  o.a.catalina.core.StandardService - Starting service [Tomcat]
2025-03-05 21:35:37 [main] INFO  o.a.catalina.core.StandardEngine - Starting Servlet engine: [Apache Tomcat/10.1.36]
2025-03-05 21:35:37 [main] INFO  o.a.c.c.C.[Tomcat].[localhost].[/] - Initializing Spring embedded WebApplicationContext
2025-03-05 21:35:37 [main] INFO  o.s.b.w.s.c.ServletWebServerApplicationContext - Root WebApplicationContext: initialization completed in 443 ms
2025-03-05 21:35:37 [main] INFO  o.s.b.a.e.web.EndpointLinksResolver - Exposing 3 endpoints beneath base path '/actuator'
2025-03-05 21:35:37 [main] INFO  o.a.coyote.http11.Http11NioProtocol - Starting ProtocolHandler ["http-nio-8080"]
2025-03-05 21:35:37 [main] INFO  o.s.b.w.e.tomcat.TomcatWebServer - Tomcat started on port 8080 (http) with context path '/'
2025-03-05 21:35:37 [main] INFO  c.r.RomanNumeralApplication - Started RomanNumeralApplication in 0.915 seconds (process running for 1.069)
2025-03-05 21:35:48 [http-nio-8080-exec-2] INFO  o.a.c.c.C.[Tomcat].[localhost].[/] - Initializing Spring DispatcherServlet 'dispatcherServlet'
2025-03-05 21:35:48 [http-nio-8080-exec-2] INFO  o.s.web.servlet.DispatcherServlet - Initializing Servlet 'dispatcherServlet'
2025-03-05 21:35:48 [http-nio-8080-exec-2] INFO  o.s.web.servlet.DispatcherServlet - Completed initialization in 8 ms
2025-03-05 21:42:14 [SpringApplicationShutdownHook] INFO  o.s.b.w.e.tomcat.GracefulShutdown - Commencing graceful shutdown. Waiting for active requests to complete
2025-03-05 21:42:14 [tomcat-shutdown] INFO  o.s.b.w.e.tomcat.GracefulShutdown - Graceful shutdown complete
2025-03-05 21:42:16 [main] INFO  c.r.RomanNumeralApplication - Starting RomanNumeralApplication using Java 17.0.6 with PID 33525 (/Users/prats/Documents/Projects/Java/RomanNumeralConvertor/build/classes/java/main started by prats in /Users/prats/Documents/Projects/Java/RomanNumeralConvertor)
2025-03-05 21:42:16 [main] INFO  c.r.RomanNumeralApplication - No active profile set, falling back to 1 default profile: "default"
2025-03-05 21:42:16 [main] INFO  o.s.b.w.e.tomcat.TomcatWebServer - Tomcat initialized with port 8080 (http)
2025-03-05 21:42:16 [main] INFO  o.a.coyote.http11.Http11NioProtocol - Initializing ProtocolHandler ["http-nio-8080"]
2025-03-05 21:42:16 [main] INFO  o.a.catalina.core.StandardService - Starting service [Tomcat]
2025-03-05 21:42:16 [main] INFO  o.a.catalina.core.StandardEngine - Starting Servlet engine: [Apache Tomcat/10.1.36]
2025-03-05 21:42:16 [main] INFO  o.a.c.c.C.[Tomcat].[localhost].[/] - Initializing Spring embedded WebApplicationContext
2025-03-05 21:42:16 [main] INFO  o.s.b.w.s.c.ServletWebServerApplicationContext - Root WebApplicationContext: initialization completed in 429 ms
2025-03-05 21:42:16 [main] INFO  o.s.b.a.e.web.EndpointLinksResolver - Exposing 3 endpoints beneath base path '/actuator'
2025-03-05 21:42:16 [main] INFO  o.a.coyote.http11.Http11NioProtocol - Starting ProtocolHandler ["http-nio-8080"]
2025-03-05 21:42:16 [main] INFO  o.s.b.w.e.tomcat.TomcatWebServer - Tomcat started on port 8080 (http) with context path '/'
2025-03-05 21:42:16 [main] INFO  c.r.RomanNumeralApplication - Started RomanNumeralApplication in 0.925 seconds (process running for 1.069)
2025-03-05 21:42:29 [http-nio-8080-exec-1] INFO  o.a.c.c.C.[Tomcat].[localhost].[/] - Initializing Spring DispatcherServlet 'dispatcherServlet'
2025-03-05 21:42:29 [http-nio-8080-exec-1] INFO  o.s.web.servlet.DispatcherServlet - Initializing Servlet 'dispatcherServlet'
2025-03-05 21:42:29 [http-nio-8080-exec-1] INFO  o.s.web.servlet.DispatcherServlet - Completed initialization in 7 ms
2025-03-05 21:42:29 [http-nio-8080-exec-1] INFO  c.r.s.impl.RomanNumeralServiceImpl - Converted Roman numeral CC for given number 0
2025-03-05 21:43:21 [http-nio-8080-exec-3] INFO  c.r.s.impl.RomanNumeralServiceImpl - Converted Roman numeral CC for given number 0
2025-03-05 21:43:24 [SpringApplicationShutdownHook] INFO  o.s.b.w.e.tomcat.GracefulShutdown - Commencing graceful shutdown. Waiting for active requests to complete
2025-03-05 21:43:24 [tomcat-shutdown] INFO  o.s.b.w.e.tomcat.GracefulShutdown - Graceful shutdown complete
2025-03-05 21:43:26 [main] INFO  c.r.RomanNumeralApplication - Starting RomanNumeralApplication using Java 17.0.6 with PID 33540 (/Users/prats/Documents/Projects/Java/RomanNumeralConvertor/build/classes/java/main started by prats in /Users/prats/Documents/Projects/Java/RomanNumeralConvertor)
2025-03-05 21:43:26 [main] INFO  c.r.RomanNumeralApplication - No active profile set, falling back to 1 default profile: "default"
2025-03-05 21:43:26 [main] INFO  o.s.b.w.e.tomcat.TomcatWebServer - Tomcat initialized with port 8080 (http)
2025-03-05 21:43:26 [main] INFO  o.a.coyote.http11.Http11NioProtocol - Initializing ProtocolHandler ["http-nio-8080"]
2025-03-05 21:43:26 [main] INFO  o.a.catalina.core.StandardService - Starting service [Tomcat]
2025-03-05 21:43:26 [main] INFO  o.a.catalina.core.StandardEngine - Starting Servlet engine: [Apache Tomcat/10.1.36]
2025-03-05 21:43:26 [main] INFO  o.a.c.c.C.[Tomcat].[localhost].[/] - Initializing Spring embedded WebApplicationContext
2025-03-05 21:43:26 [main] INFO  o.s.b.w.s.c.ServletWebServerApplicationContext - Root WebApplicationContext: initialization completed in 462 ms
2025-03-05 21:43:27 [main] INFO  o.s.b.a.e.web.EndpointLinksResolver - Exposing 3 endpoints beneath base path '/actuator'
2025-03-05 21:43:27 [main] INFO  o.a.coyote.http11.Http11NioProtocol - Starting ProtocolHandler ["http-nio-8080"]
2025-03-05 21:43:27 [main] INFO  o.s.b.w.e.tomcat.TomcatWebServer - Tomcat started on port 8080 (http) with context path '/'
2025-03-05 21:43:27 [main] INFO  c.r.RomanNumeralApplication - Started RomanNumeralApplication in 0.949 seconds (process running for 1.091)
2025-03-05 21:43:36 [http-nio-8080-exec-1] INFO  o.a.c.c.C.[Tomcat].[localhost].[/] - Initializing Spring DispatcherServlet 'dispatcherServlet'
2025-03-05 21:43:36 [http-nio-8080-exec-1] INFO  o.s.web.servlet.DispatcherServlet - Initializing Servlet 'dispatcherServlet'
2025-03-05 21:43:36 [http-nio-8080-exec-1] INFO  o.s.web.servlet.DispatcherServlet - Completed initialization in 2 ms
2025-03-05 21:43:36 [http-nio-8080-exec-1] INFO  c.r.s.impl.RomanNumeralServiceImpl - Roman numeral is CC for given number 0
2025-03-05 21:43:50 [http-nio-8080-exec-3] INFO  c.r.s.impl.RomanNumeralServiceImpl - Roman numeral is CCL for given number 0
2025-03-05 21:45:42 [SpringApplicationShutdownHook] INFO  o.s.b.w.e.tomcat.GracefulShutdown - Commencing graceful shutdown. Waiting for active requests to complete
2025-03-05 21:45:42 [tomcat-shutdown] INFO  o.s.b.w.e.tomcat.GracefulShutdown - Graceful shutdown complete
2025-03-05 21:45:44 [main] INFO  c.r.RomanNumeralApplication - Starting RomanNumeralApplication using Java 17.0.6 with PID 33615 (/Users/prats/Documents/Projects/Java/RomanNumeralConvertor/build/classes/java/main started by prats in /Users/prats/Documents/Projects/Java/RomanNumeralConvertor)
2025-03-05 21:45:44 [main] INFO  c.r.RomanNumeralApplication - No active profile set, falling back to 1 default profile: "default"
2025-03-05 21:45:44 [main] INFO  o.s.b.w.e.tomcat.TomcatWebServer - Tomcat initialized with port 8080 (http)
2025-03-05 21:45:44 [main] INFO  o.a.coyote.http11.Http11NioProtocol - Initializing ProtocolHandler ["http-nio-8080"]
2025-03-05 21:45:44 [main] INFO  o.a.catalina.core.StandardService - Starting service [Tomcat]
2025-03-05 21:45:44 [main] INFO  o.a.catalina.core.StandardEngine - Starting Servlet engine: [Apache Tomcat/10.1.36]
2025-03-05 21:45:44 [main] INFO  o.a.c.c.C.[Tomcat].[localhost].[/] - Initializing Spring embedded WebApplicationContext
2025-03-05 21:45:44 [main] INFO  o.s.b.w.s.c.ServletWebServerApplicationContext - Root WebApplicationContext: initialization completed in 511 ms
2025-03-05 21:45:45 [main] INFO  o.s.b.a.e.web.EndpointLinksResolver - Exposing 3 endpoints beneath base path '/actuator'
2025-03-05 21:45:45 [main] INFO  o.a.coyote.http11.Http11NioProtocol - Starting ProtocolHandler ["http-nio-8080"]
2025-03-05 21:45:45 [main] INFO  o.s.b.w.e.tomcat.TomcatWebServer - Tomcat started on port 8080 (http) with context path '/'
2025-03-05 21:45:45 [main] INFO  c.r.RomanNumeralApplication - Started RomanNumeralApplication in 1.03 seconds (process running for 1.184)
2025-03-05 21:45:51 [http-nio-8080-exec-1] INFO  o.a.c.c.C.[Tomcat].[localhost].[/] - Initializing Spring DispatcherServlet 'dispatcherServlet'
2025-03-05 21:45:51 [http-nio-8080-exec-1] INFO  o.s.web.servlet.DispatcherServlet - Initializing Servlet 'dispatcherServlet'
2025-03-05 21:45:51 [http-nio-8080-exec-1] INFO  o.s.web.servlet.DispatcherServlet - Completed initialization in 4 ms
2025-03-05 21:45:51 [http-nio-8080-exec-1] INFO  c.r.s.impl.RomanNumeralServiceImpl - Roman numeral is 0 for given number 0
2025-03-05 21:49:07 [SpringApplicationShutdownHook] INFO  o.s.b.w.e.tomcat.GracefulShutdown - Commencing graceful shutdown. Waiting for active requests to complete
2025-03-05 21:49:07 [tomcat-shutdown] INFO  o.s.b.w.e.tomcat.GracefulShutdown - Graceful shutdown complete
2025-03-05 21:49:12 [main] INFO  c.r.RomanNumeralApplication - Starting RomanNumeralApplication using Java 17.0.6 with PID 33737 (/Users/prats/Documents/Projects/Java/RomanNumeralConvertor/build/classes/java/main started by prats in /Users/prats/Documents/Projects/Java/RomanNumeralConvertor)
2025-03-05 21:49:12 [main] INFO  c.r.RomanNumeralApplication - No active profile set, falling back to 1 default profile: "default"
2025-03-05 21:49:13 [main] INFO  o.s.b.w.e.tomcat.TomcatWebServer - Tomcat initialized with port 8080 (http)
2025-03-05 21:49:13 [main] INFO  o.a.coyote.http11.Http11NioProtocol - Initializing ProtocolHandler ["http-nio-8080"]
2025-03-05 21:49:13 [main] INFO  o.a.catalina.core.StandardService - Starting service [Tomcat]
2025-03-05 21:49:13 [main] INFO  o.a.catalina.core.StandardEngine - Starting Servlet engine: [Apache Tomcat/10.1.36]
2025-03-05 21:49:13 [main] INFO  o.a.c.c.C.[Tomcat].[localhost].[/] - Initializing Spring embedded WebApplicationContext
2025-03-05 21:49:13 [main] INFO  o.s.b.w.s.c.ServletWebServerApplicationContext - Root WebApplicationContext: initialization completed in 507 ms
2025-03-05 21:49:13 [main] INFO  o.s.b.a.e.web.EndpointLinksResolver - Exposing 3 endpoints beneath base path '/actuator'
2025-03-05 21:49:13 [main] INFO  o.a.coyote.http11.Http11NioProtocol - Starting ProtocolHandler ["http-nio-8080"]
2025-03-05 21:49:13 [main] INFO  o.s.b.w.e.tomcat.TomcatWebServer - Tomcat started on port 8080 (http) with context path '/'
2025-03-05 21:49:13 [main] INFO  c.r.RomanNumeralApplication - Started RomanNumeralApplication in 1.038 seconds (process running for 1.229)
2025-03-05 21:50:38 [SpringApplicationShutdownHook] INFO  o.s.b.w.e.tomcat.GracefulShutdown - Commencing graceful shutdown. Waiting for active requests to complete
2025-03-05 21:50:38 [tomcat-shutdown] INFO  o.s.b.w.e.tomcat.GracefulShutdown - Graceful shutdown complete
2025-03-05 21:50:40 [main] INFO  c.r.RomanNumeralApplication - Starting RomanNumeralApplication using Java 17.0.6 with PID 33751 (/Users/prats/Documents/Projects/Java/RomanNumeralConvertor/build/classes/java/main started by prats in /Users/prats/Documents/Projects/Java/RomanNumeralConvertor)
2025-03-05 21:50:40 [main] INFO  c.r.RomanNumeralApplication - No active profile set, falling back to 1 default profile: "default"
2025-03-05 21:50:41 [main] INFO  o.s.b.w.e.tomcat.TomcatWebServer - Tomcat initialized with port 8080 (http)
2025-03-05 21:50:41 [main] INFO  o.a.coyote.http11.Http11NioProtocol - Initializing ProtocolHandler ["http-nio-8080"]
2025-03-05 21:50:41 [main] INFO  o.a.catalina.core.StandardService - Starting service [Tomcat]
2025-03-05 21:50:41 [main] INFO  o.a.catalina.core.StandardEngine - Starting Servlet engine: [Apache Tomcat/10.1.36]
2025-03-05 21:50:41 [main] INFO  o.a.c.c.C.[Tomcat].[localhost].[/] - Initializing Spring embedded WebApplicationContext
2025-03-05 21:50:41 [main] INFO  o.s.b.w.s.c.ServletWebServerApplicationContext - Root WebApplicationContext: initialization completed in 466 ms
2025-03-05 21:50:41 [main] INFO  o.s.b.a.e.web.EndpointLinksResolver - Exposing 3 endpoints beneath base path '/actuator'
2025-03-05 21:50:41 [main] INFO  o.a.coyote.http11.Http11NioProtocol - Starting ProtocolHandler ["http-nio-8080"]
2025-03-05 21:50:41 [main] INFO  o.s.b.w.e.tomcat.TomcatWebServer - Tomcat started on port 8080 (http) with context path '/'
2025-03-05 21:50:41 [main] INFO  c.r.RomanNumeralApplication - Started RomanNumeralApplication in 0.96 seconds (process running for 1.097)
2025-03-05 21:51:34 [http-nio-8080-exec-1] INFO  o.a.c.c.C.[Tomcat].[localhost].[/] - Initializing Spring DispatcherServlet 'dispatcherServlet'
2025-03-05 21:51:34 [http-nio-8080-exec-1] INFO  o.s.web.servlet.DispatcherServlet - Initializing Servlet 'dispatcherServlet'
2025-03-05 21:51:34 [http-nio-8080-exec-1] INFO  o.s.web.servlet.DispatcherServlet - Completed initialization in 10 ms
2025-03-05 21:51:34 [http-nio-8080-exec-1] INFO  c.r.s.impl.RomanNumeralServiceImpl - Roman numeral is CCL for given number 0
2025-03-05 21:51:34 [http-nio-8080-exec-1] INFO  c.r.c.RomanNumeralRestController - Conversion successful: 250 -> CCL
2025-03-05 21:51:40 [http-nio-8080-exec-3] INFO  c.r.s.impl.RomanNumeralServiceImpl - Roman numeral is MMD for given number 0
2025-03-05 21:51:40 [http-nio-8080-exec-3] INFO  c.r.c.RomanNumeralRestController - Conversion successful: 2500 -> MMD
2025-03-05 21:51:45 [http-nio-8080-exec-4] ERROR c.r.s.impl.RomanNumeralServiceImpl - Invalid input: Number out of range 1-3999 
2025-03-05 21:51:45 [http-nio-8080-exec-4] WARN  c.r.c.RomanNumeralRestController - Invalid request: 
2025-03-05 21:52:04 [SpringApplicationShutdownHook] INFO  o.s.b.w.e.tomcat.GracefulShutdown - Commencing graceful shutdown. Waiting for active requests to complete
2025-03-05 21:52:04 [tomcat-shutdown] INFO  o.s.b.w.e.tomcat.GracefulShutdown - Graceful shutdown complete
2025-03-05 21:54:26 [main] INFO  c.r.RomanNumeralApplication - Starting RomanNumeralApplication using Java 17.0.6 with PID 33774 (/Users/prats/Documents/Projects/Java/RomanNumeralConvertor/build/classes/java/main started by prats in /Users/prats/Documents/Projects/Java/RomanNumeralConvertor)
2025-03-05 21:54:26 [main] INFO  c.r.RomanNumeralApplication - No active profile set, falling back to 1 default profile: "default"
2025-03-05 21:54:26 [main] INFO  o.s.b.w.e.tomcat.TomcatWebServer - Tomcat initialized with port 8080 (http)
2025-03-05 21:54:26 [main] INFO  o.a.coyote.http11.Http11NioProtocol - Initializing ProtocolHandler ["http-nio-8080"]
2025-03-05 21:54:26 [main] INFO  o.a.catalina.core.StandardService - Starting service [Tomcat]
2025-03-05 21:54:26 [main] INFO  o.a.catalina.core.StandardEngine - Starting Servlet engine: [Apache Tomcat/10.1.36]
2025-03-05 21:54:26 [main] INFO  o.a.c.c.C.[Tomcat].[localhost].[/] - Initializing Spring embedded WebApplicationContext
2025-03-05 21:54:26 [main] INFO  o.s.b.w.s.c.ServletWebServerApplicationContext - Root WebApplicationContext: initialization completed in 540 ms
2025-03-05 21:54:27 [main] INFO  o.s.b.a.e.web.EndpointLinksResolver - Exposing 3 endpoints beneath base path '/actuator'
2025-03-05 21:54:27 [main] INFO  o.a.coyote.http11.Http11NioProtocol - Starting ProtocolHandler ["http-nio-8080"]
2025-03-05 21:54:27 [main] INFO  o.s.b.w.e.tomcat.TomcatWebServer - Tomcat started on port 8080 (http) with context path '/'
2025-03-05 21:54:27 [main] INFO  c.r.RomanNumeralApplication - Started RomanNumeralApplication in 1.311 seconds (process running for 1.489)
2025-03-05 21:54:32 [http-nio-8080-exec-1] INFO  o.a.c.c.C.[Tomcat].[localhost].[/] - Initializing Spring DispatcherServlet 'dispatcherServlet'
2025-03-05 21:54:32 [http-nio-8080-exec-1] INFO  o.s.web.servlet.DispatcherServlet - Initializing Servlet 'dispatcherServlet'
2025-03-05 21:54:32 [http-nio-8080-exec-1] INFO  o.s.web.servlet.DispatcherServlet - Completed initialization in 2 ms
2025-03-05 21:56:09 [SpringApplicationShutdownHook] INFO  o.s.b.w.e.tomcat.GracefulShutdown - Commencing graceful shutdown. Waiting for active requests to complete
2025-03-05 21:56:09 [tomcat-shutdown] INFO  o.s.b.w.e.tomcat.GracefulShutdown - Graceful shutdown complete
2025-03-05 21:56:10 [main] INFO  c.r.RomanNumeralApplication - Starting RomanNumeralApplication using Java 17.0.6 with PID 33843 (/Users/prats/Documents/Projects/Java/RomanNumeralConvertor/build/classes/java/main started by prats in /Users/prats/Documents/Projects/Java/RomanNumeralConvertor)
2025-03-05 21:56:10 [main] INFO  c.r.RomanNumeralApplication - No active profile set, falling back to 1 default profile: "default"
2025-03-05 21:56:11 [main] INFO  o.s.b.w.e.tomcat.TomcatWebServer - Tomcat initialized with port 8080 (http)
2025-03-05 21:56:11 [main] INFO  o.a.coyote.http11.Http11NioProtocol - Initializing ProtocolHandler ["http-nio-8080"]
2025-03-05 21:56:11 [main] INFO  o.a.catalina.core.StandardService - Starting service [Tomcat]
2025-03-05 21:56:11 [main] INFO  o.a.catalina.core.StandardEngine - Starting Servlet engine: [Apache Tomcat/10.1.36]
2025-03-05 21:56:11 [main] INFO  o.a.c.c.C.[Tomcat].[localhost].[/] - Initializing Spring embedded WebApplicationContext
2025-03-05 21:56:11 [main] INFO  o.s.b.w.s.c.ServletWebServerApplicationContext - Root WebApplicationContext: initialization completed in 480 ms
2025-03-05 21:56:11 [main] INFO  o.s.b.a.e.web.EndpointLinksResolver - Exposing 3 endpoints beneath base path '/actuator'
2025-03-05 21:56:11 [main] INFO  o.a.coyote.http11.Http11NioProtocol - Starting ProtocolHandler ["http-nio-8080"]
2025-03-05 21:56:11 [main] INFO  o.s.b.w.e.tomcat.TomcatWebServer - Tomcat started on port 8080 (http) with context path '/'
2025-03-05 21:56:11 [main] INFO  c.r.RomanNumeralApplication - Started RomanNumeralApplication in 0.965 seconds (process running for 1.118)
2025-03-05 21:56:56 [http-nio-8080-exec-1] INFO  o.a.c.c.C.[Tomcat].[localhost].[/] - Initializing Spring DispatcherServlet 'dispatcherServlet'
2025-03-05 21:56:56 [http-nio-8080-exec-1] INFO  o.s.web.servlet.DispatcherServlet - Initializing Servlet 'dispatcherServlet'
2025-03-05 21:56:56 [http-nio-8080-exec-1] INFO  o.s.web.servlet.DispatcherServlet - Completed initialization in 3 ms
